# 0 8 2 7 
0 0 0 0 77.4114662903
0 0 0 1 37.6152125469
0 0 0 2 4.39758944462
0 0 1 0 33.6965241181
0 0 1 1 73.0169365687
0 0 1 2 44.2616941334
0 0 2 0 76.7572624467
0 0 2 1 20.5390126562
0 0 2 2 96.8844658663
0 1 0 0 92.7400849532
0 1 0 1 57.1812327087
0 1 0 2 10.7904335583
0 1 1 0 86.2102977547
0 1 1 1 95.7836209959
0 1 1 2 81.5688582405
0 1 2 0 39.7987361179
0 1 2 1 29.9433143412
0 1 2 2 24.0040872859
0 2 0 0 48.6540154997
0 2 0 1 19.2343631888
0 2 0 2 90.0246984206
0 2 1 0 16.2220180112
0 2 1 1 68.5939172876
0 2 1 2 64.1458652433
0 2 2 0 90.9835999616
0 2 2 1 94.162262625
0 2 2 2 27.0208839496
1 0 0 0 44.1118753136
1 0 0 1 18.6304910937
1 0 0 2 83.3809199887
1 0 1 0 15.027595094
1 0 1 1 89.0097712224
1 0 1 2 67.2104470711
1 0 2 0 67.0351555351
1 0 2 1 40.9575956926
1 0 2 2 59.2871856145
1 1 0 0 12.5377121008
1 1 0 1 85.5415292807
1 1 0 2 0.35472046809
1 1 1 0 67.6640700725
1 1 1 1 78.2749623913
1 1 1 2 93.3574516437
1 1 2 0 45.4109814303
1 1 2 1 86.0311501886
1 1 2 2 62.0849556893
1 2 0 0 41.2020862719
1 2 0 1 35.6348441248
1 2 0 2 0.177104269027
1 2 1 0 26.1928411185
1 2 1 1 72.7245418817
1 2 1 2 36.5797516838
1 2 2 0 86.3038272618
1 2 2 1 19.6255853828
1 2 2 2 32.7351712217
# 8 3 
0 0 29.936456515
0 1 1.42893993522
0 2 68.8640366635
1 0 10.5271013473
1 1 9.36960556887
1 2 78.4170941343
2 0 79.2590307444
2 1 30.7955450868
2 2 12.1814460673
# 0 9 
0 0 79.8716602955
0 1 14.4940739815
0 2 29.9194426437
1 0 68.8916416565
1 1 78.2932560227
1 2 72.8531757958
# 5 6 
0 0 1.33648840437
0 1 47.2709169812
0 2 86.2332711291
1 0 85.9053330368
1 1 96.2994607536
1 2 7.59348260189
# 1 7 
0 0 4.43050434177
0 1 63.5720970729
0 2 71.6564401145
1 0 32.6969656821
1 1 32.0710185781
1 2 57.7828458811
# 0 9 2 8 
0 0 0 0 16.7607084375
0 0 0 1 10.1311254732
0 0 0 2 8.38584129134
0 0 1 0 0.9892931976
0 0 1 1 10.5905101975
0 0 1 2 32.9790124428
0 0 2 0 63.7726291391
0 0 2 1 21.6844109906
0 0 2 2 87.7637735845
0 1 0 0 75.54407978
0 1 0 1 78.9950256922
0 1 0 2 4.73103989415
0 1 1 0 73.7053046813
0 1 1 1 4.60229046158
0 1 1 2 90.6036218619
0 1 2 0 28.1195327689
0 1 2 1 44.120511755
0 1 2 2 45.4061010076
0 2 0 0 59.1793103452
0 2 0 1 90.8611375476
0 2 0 2 65.0501219511
0 2 1 0 75.7977349034
0 2 1 1 76.566559419
0 2 1 2 65.2761898552
0 2 2 0 31.7029133468
0 2 2 1 85.6229786401
0 2 2 2 8.36247168262
1 0 0 0 9.94172813642
1 0 0 1 62.7203116751
1 0 0 2 98.7541727416
1 0 1 0 70.5744634631
1 0 1 1 86.5584884417
1 0 1 2 39.2093268327
1 0 2 0 60.7488744725
1 0 2 1 45.5368932684
1 0 2 2 49.6238113214
1 1 0 0 64.9640734566
1 1 0 1 60.4004078443
1 1 0 2 27.1781989324
1 1 1 0 67.7529229875
1 1 1 1 41.6894912588
1 1 1 2 69.6328744478
1 1 2 0 36.6426596432
1 1 2 1 21.7614345706
1 1 2 2 96.5506219046
1 2 0 0 67.0219255626
1 2 0 1 59.9278754369
1 2 0 2 7.48515472609
1 2 1 0 54.5760903362
1 2 1 1 31.9198073497
1 2 1 2 84.0245958931
1 2 2 0 90.5578701641
1 2 2 1 55.7503258396
1 2 2 2 48.9061327616
# 0 1 
0 0 59.5809477257
0 1 25.9714429366
1 0 87.5435231133
1 1 35.9897498031
# 8 3 
0 0 77.3859922569
0 1 76.9053852539
0 2 0.645761725091
1 0 24.2836454522
1 1 8.43250759401
1 2 61.1501978974
2 0 65.64034611
2 1 96.2387425537
2 2 93.7628966265
# 6 7 
0 0 84.5556952931
0 1 17.85753809
0 2 22.2522639697
1 0 6.34295910766
1 1 94.8853308701
1 2 37.6451867374
2 0 99.8068742364
2 1 42.4691881597
2 2 79.287730087
# 1 7 
0 0 17.3381332214
0 1 65.8888860461
0 2 27.6870416615
1 0 73.7646367173
1 1 85.9027958755
1 2 73.1486647547
# 0 1 
0 0 83.9967522877
0 1 99.0634205844
1 0 73.0680836985
1 1 27.1577207407
# 0 5 
0 0 18.2400308211
0 1 66.6520247589
1 0 42.2266941038
1 1 0.161819482579
# 3 7 
0 0 9.17766353574
0 1 88.1417933486
0 2 66.6622377556
1 0 9.30589314704
1 1 45.2698643582
1 2 69.5145397542
2 0 41.8698820993
2 1 0.341417574264
2 2 50.7851973298
# 9 3 
0 0 56.2832560385
0 1 17.618665485
0 2 56.3301525528
1 0 34.772577945
1 1 84.9002546826
1 2 36.3601538966
2 0 45.8023281665
2 1 34.8507528896
2 2 10.9862422826
# 9 3 
0 0 87.0356891841
0 1 25.6063460972
0 2 97.9416887914
1 0 43.0449854804
1 1 31.7686252775
1 2 64.4258430219
2 0 43.8785047959
2 1 50.1092627051
2 2 61.857168775
# 8 3 
0 0 35.6772919445
0 1 56.7740871804
0 2 15.9213378775
1 0 7.0822227494
1 1 87.442249287
1 2 31.7528735618
2 0 25.144712667
2 1 20.6948714246
2 2 73.6209598217
# 9 7 
0 0 27.7348603658
0 1 16.5373517757
0 2 56.7626786852
1 0 52.5948762572
1 1 13.7786707651
1 2 9.71245088816
2 0 7.50788387057
2 1 35.8750591748
2 2 14.2294870725
# 0 6 
0 0 80.7157275007
0 1 15.4383095904
0 2 57.9238900223
1 0 79.9596037079
1 1 60.7618149203
1 2 22.462472976
# 0 3 
0 0 71.830294756
0 1 37.3132533169
0 2 14.1244023188
1 0 98.9120390077
1 1 22.9760192874
1 2 86.7335047599
# 6 7 
0 0 48.1371940609
0 1 72.8437156979
0 2 45.1130830692
1 0 74.1188585229
1 1 12.517730736
1 2 84.2039093384
2 0 44.0052330106
2 1 15.5367080186
2 2 89.8631385097
# 8 4 
0 0 98.3283842598
0 1 3.57623145904
0 2 37.9134522901
1 0 34.2242405807
1 1 85.2207674843
1 2 51.4680351869
2 0 49.0345415422
2 1 2.14153722635
2 2 86.9157048412
# 1 2 
0 0 47.8991031368
0 1 36.2628673791
0 2 93.5403846208
1 0 65.3703931771
1 1 62.3958820737
1 2 53.7678654397
# 5 7 
0 0 13.427548292
0 1 78.9827036681
0 2 77.9676794533
1 0 58.2004258515
1 1 82.4972192652
1 2 5.3888643271
# 0 3 
0 0 48.1456966041
0 1 78.6883252505
0 2 82.26893991
1 0 38.8642589676
1 1 21.0223213584
1 2 49.3162845359
# 9 3 5 
0 0 0 3.64674705082
0 0 1 3.94788665985
0 1 0 10.5050934688
0 1 1 37.9723839218
0 2 0 65.5569060968
0 2 1 85.2983611493
1 0 0 72.8936095122
1 0 1 40.6750045227
1 1 0 74.2894462966
1 1 1 49.6319361166
1 2 0 96.6359311646
1 2 1 86.0239365078
2 0 0 82.3153836634
2 0 1 50.3717355888
2 1 0 12.7714890044
2 1 1 98.6727516329
2 2 0 96.6221897748
2 2 1 7.20224944891
# 0 5 
0 0 2.12962448247
0 1 63.1217168713
1 0 78.7134900493
1 1 0.53904430822
# 3 7 
0 0 9.2888857916
0 1 30.9147565559
0 2 23.925042633
1 0 70.2638210472
1 1 65.411848002
1 2 24.9036907703
2 0 2.39972294559
2 1 54.6949421089
2 2 10.9495857151
# 9 4 
0 0 65.1815209365
0 1 94.0093565785
0 2 40.9489014312
1 0 96.5543904815
1 1 63.6703542758
1 2 61.2196656556
2 0 20.4650399602
2 1 12.6239858653
2 2 69.52495503
# 8 3 
0 0 97.9223384276
0 1 23.5895919901
0 2 37.12145433
1 0 23.3925247947
1 1 84.8678333727
1 2 3.15828436765
2 0 17.5605762587
2 1 41.1839811131
2 2 69.1710618752
# 8 4 
0 0 36.3019922255
0 1 25.1416244802
0 2 57.9834521509
1 0 86.6099130723
1 1 92.6646664567
1 2 85.5542689428
2 0 5.54987243704
2 1 21.655467358
2 2 37.9868649334
